<?xml version="1.0" encoding="UTF-8"?>
<testsuite xmlns:xsi="http://www.w3.org/2001/XMLSchema-instance" xsi:noNamespaceSchemaLocation="https://maven.apache.org/surefire/maven-surefire-plugin/xsd/surefire-test-report.xsd" name="com.TestCalculatorService" time="8.071" tests="5" errors="0" skipped="0" failures="0">
  <properties>
[...]
</properties>
  <testcase name="testAdd" classname="com.TestCalculatorService" time="0.285"/>
  <testcase name="testDiv" classname="com.TestCalculatorService" time="0.009"/>
  <testcase name="testMul" classname="com.TestCalculatorService" time="0.005"/>
  <testcase name="testSqr" classname="com.TestCalculatorService" time="0.006"/>
  <testcase name="testSub" classname="com.TestCalculatorService" time="0.004"/>
</testsuite>